OlExamLipsa/app/build/outputs/logs/manifest-merger-debug-report.txt
-- Merging decision tree log ---
manifest
ADDED from src\main\AndroidManifest.xml:2:1-129:12
	xmlns:android
		ADDED from src\main\AndroidManifest.xml:2:11-69
	package
		ADDED from src\main\AndroidManifest.xml:3:5-35
		INJECTED from src\main\AndroidManifest.xml
		INJECTED from src\main\AndroidManifest.xml
	android:versionName
		ADDED from src\main\AndroidManifest.xml:6:5-30
		INJECTED from src\main\AndroidManifest.xml
		INJECTED from src\main\AndroidManifest.xml
	android:versionCode
		ADDED from src\main\AndroidManifest.xml:5:5-28
		INJECTED from src\main\AndroidManifest.xml
		INJECTED from src\main\AndroidManifest.xml
	android:installLocation
		ADDED from src\main\AndroidManifest.xml:4:5-43
uses-sdk
ADDED from src\main\AndroidManifest.xml:8:5-10:41
MERGED from [com.android.support:appcompat-v7:23.3.0] AndroidManifest.xml:21:5-23:78
MERGED from [com.android.support:support-vector-drawable:23.3.0] AndroidManifest.xml:5:5-43
MERGED from [com.android.support:support-v4:23.3.0] AndroidManifest.xml:20:5-43
MERGED from [com.android.support:animated-vector-drawable:23.3.0] AndroidManifest.xml:5:5-44
MERGED from [com.android.support:support-vector-drawable:23.3.0] AndroidManifest.xml:5:5-43
MERGED from [com.android.support:support-v4:23.3.0] AndroidManifest.xml:20:5-43
MERGED from [com.android.support:support-v4:23.3.0] AndroidManifest.xml:20:5-43
MERGED from [com.android.support:design:23.3.0] AndroidManifest.xml:20:5-43
MERGED from [com.android.support:appcompat-v7:23.3.0] AndroidManifest.xml:21:5-23:78
MERGED from [com.android.support:support-vector-drawable:23.3.0] AndroidManifest.xml:5:5-43
MERGED from [com.android.support:support-v4:23.3.0] AndroidManifest.xml:20:5-43
MERGED from [com.android.support:animated-vector-drawable:23.3.0] AndroidManifest.xml:5:5-44
MERGED from [com.android.support:support-vector-drawable:23.3.0] AndroidManifest.xml:5:5-43
MERGED from [com.android.support:support-v4:23.3.0] AndroidManifest.xml:20:5-43
MERGED from [com.android.support:support-v4:23.3.0] AndroidManifest.xml:20:5-43
MERGED from [com.android.support:support-v4:23.3.0] AndroidManifest.xml:20:5-43
MERGED from [com.android.support:recyclerview-v7:23.3.0] AndroidManifest.xml:20:5-43
MERGED from [com.android.support:support-v4:23.3.0] AndroidManifest.xml:20:5-43
MERGED from [com.parse:parseui-widget-android:0.0.1] AndroidManifest.xml:27:5-29:41
MERGED from [com.android.support:cardview-v7:23.3.0] AndroidManifest.xml:20:5-43
MERGED from [info.hoang8f:fbutton:1.0.5] AndroidManifest.xml:7:5-9:41
MERGED from [cn.pedant.sweetalert:library:1.3] AndroidManifest.xml:7:5-9:41
MERGED from [com.pnikosis:materialish-progress:1.0] AndroidManifest.xml:7:5-9:41
MERGED from [com.android.support:appcompat-v7:23.3.0] AndroidManifest.xml:21:5-23:78
MERGED from [com.android.support:support-vector-drawable:23.3.0] AndroidManifest.xml:5:5-43
MERGED from [com.android.support:support-v4:23.3.0] AndroidManifest.xml:20:5-43
MERGED from [com.android.support:animated-vector-drawable:23.3.0] AndroidManifest.xml:5:5-44
MERGED from [com.android.support:support-vector-drawable:23.3.0] AndroidManifest.xml:5:5-43
MERGED from [com.android.support:support-v4:23.3.0] AndroidManifest.xml:20:5-43
MERGED from [com.android.support:support-v4:23.3.0] AndroidManifest.xml:20:5-43
MERGED from [com.roger.match.library:library:1.0.1] AndroidManifest.xml:8:5-10:41
	android:targetSdkVersion
		ADDED from src\main\AndroidManifest.xml:10:9-38
		INJECTED from src\main\AndroidManifest.xml
		INJECTED from src\main\AndroidManifest.xml
	android:minSdkVersion
		ADDED from src\main\AndroidManifest.xml:9:9-34
		INJECTED from src\main\AndroidManifest.xml
		INJECTED from src\main\AndroidManifest.xml
	tools:overrideLibrary
		ADDED from [com.android.support:appcompat-v7:23.3.0] AndroidManifest.xml:23:9-75
uses-permission#android.permission.INTERNET
ADDED from src\main\AndroidManifest.xml:12:5-67
	android:name
		ADDED from src\main\AndroidManifest.xml:12:22-64
uses-permission#android.permission.ACCESS_NETWORK_STATE
ADDED from src\main\AndroidManifest.xml:13:5-79
	android:name
		ADDED from src\main\AndroidManifest.xml:13:22-76
uses-permission#android.permission.WRITE_EXTERNAL_STORAGE
ADDED from src\main\AndroidManifest.xml:14:5-81
	android:name
		ADDED from src\main\AndroidManifest.xml:14:22-78
uses-permission#android.permission.READ_EXTERNAL_STORAGE
ADDED from src\main\AndroidManifest.xml:15:5-80
	android:name
		ADDED from src\main\AndroidManifest.xml:15:22-77
uses-permission#android.permission.RECORD_AUDIO
ADDED from src\main\AndroidManifest.xml:16:5-71
	android:name
		ADDED from src\main\AndroidManifest.xml:16:22-68
uses-permission#android.permission.READ_PHONE_STATE
ADDED from src\main\AndroidManifest.xml:17:5-75
	android:name
		ADDED from src\main\AndroidManifest.xml:17:22-72
uses-permission#android.permission.PROCESS_OUTGOING_CALLS
ADDED from src\main\AndroidManifest.xml:18:5-81
	android:name
		ADDED from src\main\AndroidManifest.xml:18:22-78
uses-permission#android.permission.READ_SMS
ADDED from src\main\AndroidManifest.xml:19:5-67
	android:name
		ADDED from src\main\AndroidManifest.xml:19:22-64
uses-permission#android.permission.WRITE_SMS
ADDED from src\main\AndroidManifest.xml:20:5-68
	android:name
		ADDED from src\main\AndroidManifest.xml:20:22-65
uses-permission#android.permission.SEND_SMS
ADDED from src\main\AndroidManifest.xml:21:5-67
	android:name
		ADDED from src\main\AndroidManifest.xml:21:22-64
uses-permission#android.permission.RECEIVE_SMS
ADDED from src\main\AndroidManifest.xml:22:5-70
	android:name
		ADDED from src\main\AndroidManifest.xml:22:22-67
uses-permission#android.permission.READ_CONTACTS
ADDED from src\main\AndroidManifest.xml:23:5-72
	android:name
		ADDED from src\main\AndroidManifest.xml:23:22-69
uses-permission#android.permission.WRITE_CONTACTS
ADDED from src\main\AndroidManifest.xml:24:5-73
	android:name
		ADDED from src\main\AndroidManifest.xml:24:22-70
uses-permission#android.permission.BATTERY_STATS
ADDED from src\main\AndroidManifest.xml:26:5-72
	android:name
		ADDED from src\main\AndroidManifest.xml:26:22-69
uses-permission#android.permission.ACCESS_COARSE_LOCATION
ADDED from src\main\AndroidManifest.xml:28:5-81
	android:name
		ADDED from src\main\AndroidManifest.xml:28:22-78
uses-permission#android.permission.ACCESS_FINE_LOCATION
ADDED from src\main\AndroidManifest.xml:29:5-79
	android:name
		ADDED from src\main\AndroidManifest.xml:29:22-76
uses-permission#android.permission.ACCESS_MOCK_LOCATION
ADDED from src\main\AndroidManifest.xml:30:5-79
	android:name
		ADDED from src\main\AndroidManifest.xml:30:22-76
uses-permission#android.permission.ACCESS_LOCATION
ADDED from src\main\AndroidManifest.xml:31:5-74
	android:name
		ADDED from src\main\AndroidManifest.xml:31:22-71
uses-permission#android.permission.ACCESS_GPS
ADDED from src\main\AndroidManifest.xml:32:5-69
	android:name
		ADDED from src\main\AndroidManifest.xml:32:22-66
uses-permission#android.permission.ACCESS_ASSISTED_GPS
ADDED from src\main\AndroidManifest.xml:33:5-78
	android:name
		ADDED from src\main\AndroidManifest.xml:33:22-75
uses-permission#android.permission.SET_TIME_ZONE
ADDED from src\main\AndroidManifest.xml:34:5-72
	android:name
		ADDED from src\main\AndroidManifest.xml:34:22-69
uses-feature#android.hardware.telephony
ADDED from src\main\AndroidManifest.xml:36:5-63
	android:name
		ADDED from src\main\AndroidManifest.xml:36:19-60
uses-permission#android.permission.RECEIVE_MMS
ADDED from src\main\AndroidManifest.xml:42:5-70
	android:name
		ADDED from src\main\AndroidManifest.xml:42:22-67
uses-permission#android.permission.WRITE_CALENDAR
ADDED from src\main\AndroidManifest.xml:44:5-73
	android:name
		ADDED from src\main\AndroidManifest.xml:44:22-70
uses-permission#android.permission.READ_CALENDAR
ADDED from src\main\AndroidManifest.xml:45:5-72
	android:name
		ADDED from src\main\AndroidManifest.xml:45:22-69
uses-permission#android.permission.GET_TASKS
ADDED from src\main\AndroidManifest.xml:46:5-68
	android:name
		ADDED from src\main\AndroidManifest.xml:46:22-65
uses-permission#android.permission.KILL_BACKGROUND_PROCESSES
ADDED from src\main\AndroidManifest.xml:47:5-84
	android:name
		ADDED from src\main\AndroidManifest.xml:47:22-81
uses-permission#android.permission.RESTART_PACKAGE
ADDED from src\main\AndroidManifest.xml:48:5-74
	android:name
		ADDED from src\main\AndroidManifest.xml:48:22-71
supports-screens
ADDED from src\main\AndroidManifest.xml:50:5-55:39
	android:resizeable
		ADDED from src\main\AndroidManifest.xml:54:9-34
	android:largeScreens
		ADDED from src\main\AndroidManifest.xml:52:9-36
	android:anyDensity
		ADDED from src\main\AndroidManifest.xml:51:9-34
	android:normalScreens
		ADDED from src\main\AndroidManifest.xml:53:9-37
	android:smallScreens
		ADDED from src\main\AndroidManifest.xml:55:9-36
application
ADDED from src\main\AndroidManifest.xml:57:5-127:19
MERGED from [com.android.support:appcompat-v7:23.3.0] AndroidManifest.xml:25:5-20
MERGED from [com.android.support:support-vector-drawable:23.3.0] AndroidManifest.xml:7:5-20
MERGED from [com.android.support:support-v4:23.3.0] AndroidManifest.xml:22:5-20
MERGED from [com.android.support:animated-vector-drawable:23.3.0] AndroidManifest.xml:7:5-20
MERGED from [com.android.support:support-vector-drawable:23.3.0] AndroidManifest.xml:7:5-20
MERGED from [com.android.support:support-v4:23.3.0] AndroidManifest.xml:22:5-20
MERGED from [com.android.support:support-v4:23.3.0] AndroidManifest.xml:22:5-20
MERGED from [com.android.support:design:23.3.0] AndroidManifest.xml:22:5-20
MERGED from [com.android.support:appcompat-v7:23.3.0] AndroidManifest.xml:25:5-20
MERGED from [com.android.support:support-vector-drawable:23.3.0] AndroidManifest.xml:7:5-20
MERGED from [com.android.support:support-v4:23.3.0] AndroidManifest.xml:22:5-20
MERGED from [com.android.support:animated-vector-drawable:23.3.0] AndroidManifest.xml:7:5-20
MERGED from [com.android.support:support-vector-drawable:23.3.0] AndroidManifest.xml:7:5-20
MERGED from [com.android.support:support-v4:23.3.0] AndroidManifest.xml:22:5-20
MERGED from [com.android.support:support-v4:23.3.0] AndroidManifest.xml:22:5-20
MERGED from [com.android.support:support-v4:23.3.0] AndroidManifest.xml:22:5-20
MERGED from [com.android.support:support-v4:23.3.0] AndroidManifest.xml:22:5-20
MERGED from [com.parse:parseui-widget-android:0.0.1] AndroidManifest.xml:31:5-20
MERGED from [com.android.support:cardview-v7:23.3.0] AndroidManifest.xml:22:5-20
MERGED from [cn.pedant.sweetalert:library:1.3] AndroidManifest.xml:11:5-20
MERGED from [com.pnikosis:materialish-progress:1.0] AndroidManifest.xml:11:5-15:19
MERGED from [com.android.support:appcompat-v7:23.3.0] AndroidManifest.xml:25:5-20
MERGED from [com.android.support:support-vector-drawable:23.3.0] AndroidManifest.xml:7:5-20
MERGED from [com.android.support:support-v4:23.3.0] AndroidManifest.xml:22:5-20
MERGED from [com.android.support:animated-vector-drawable:23.3.0] AndroidManifest.xml:7:5-20
MERGED from [com.android.support:support-vector-drawable:23.3.0] AndroidManifest.xml:7:5-20
MERGED from [com.android.support:support-v4:23.3.0] AndroidManifest.xml:22:5-20
MERGED from [com.android.support:support-v4:23.3.0] AndroidManifest.xml:22:5-20
	android:label
		ADDED from src\main\AndroidManifest.xml:61:9-41
	android:allowBackup
		ADDED from src\main\AndroidManifest.xml:59:9-35
	android:icon
		ADDED from src\main\AndroidManifest.xml:60:9-45
	android:theme
		ADDED from src\main\AndroidManifest.xml:62:9-40
	android:name
		ADDED from src\main\AndroidManifest.xml:58:9-28
meta-data#com.parse.SERVER_URL
ADDED from src\main\AndroidManifest.xml:63:9-65:59
	android:name
		ADDED from src\main\AndroidManifest.xml:64:13-48
	android:value
		ADDED from src\main\AndroidManifest.xml:65:13-56
meta-data#com.parse.APPLICATION_ID
ADDED from src\main\AndroidManifest.xml:66:9-68:55
	android:name
		ADDED from src\main\AndroidManifest.xml:67:13-52
	android:value
		ADDED from src\main\AndroidManifest.xml:68:13-52
meta-data#com.parse.CLIENT_KEY
ADDED from src\main\AndroidManifest.xml:69:9-71:59
	android:name
		ADDED from src\main\AndroidManifest.xml:70:13-48
	android:value
		ADDED from src\main\AndroidManifest.xml:71:13-56
activity#com.example.Aphexams.MainActivity
ADDED from src\main\AndroidManifest.xml:73:9-82:20
	android:label
		ADDED from src\main\AndroidManifest.xml:75:13-45
	android:theme
		ADDED from src\main\AndroidManifest.xml:76:13-43
	android:name
		ADDED from src\main\AndroidManifest.xml:74:13-41
intent-filter#android.intent.action.MAIN+android.intent.category.DEFAULT
ADDED from src\main\AndroidManifest.xml:77:13-81:29
action#android.intent.action.MAIN
ADDED from src\main\AndroidManifest.xml:78:17-69
	android:name
		ADDED from src\main\AndroidManifest.xml:78:25-66
category#android.intent.category.DEFAULT
ADDED from src\main\AndroidManifest.xml:80:17-76
	android:name
		ADDED from src\main\AndroidManifest.xml:80:27-73
activity#com.example.Aphexams.SplashScreen
ADDED from src\main\AndroidManifest.xml:83:9-89:20
	android:name
		ADDED from src\main\AndroidManifest.xml:83:19-47
intent-filter#android.intent.action.MAIN+android.intent.category.LAUNCHER
ADDED from src\main\AndroidManifest.xml:84:13-88:29
category#android.intent.category.LAUNCHER
ADDED from src\main\AndroidManifest.xml:87:17-77
	android:name
		ADDED from src\main\AndroidManifest.xml:87:27-74
activity#com.example.Aphexams.AdminLogin
ADDED from src\main\AndroidManifest.xml:90:9-92:46
	android:theme
		ADDED from src\main\AndroidManifest.xml:92:13-43
	android:name
		ADDED from src\main\AndroidManifest.xml:91:13-39
activity#com.example.Aphexams.AdminChangePword
ADDED from src\main\AndroidManifest.xml:93:9-54
	android:name
		ADDED from src\main\AndroidManifest.xml:93:19-51
activity#com.example.Aphexams.AdminReg
ADDED from src\main\AndroidManifest.xml:94:9-46
	android:name
		ADDED from src\main\AndroidManifest.xml:94:19-43
activity#com.example.Aphexams.HomeAdmin
ADDED from src\main\AndroidManifest.xml:95:9-77
	android:theme
		ADDED from src\main\AndroidManifest.xml:95:45-75
	android:name
		ADDED from src\main\AndroidManifest.xml:95:19-44
activity#com.example.Aphexams.HomeStudent
ADDED from src\main\AndroidManifest.xml:96:9-49
	android:name
		ADDED from src\main\AndroidManifest.xml:96:19-46
activity#com.example.Aphexams.QTestStart
ADDED from src\main\AndroidManifest.xml:97:9-48
	android:name
		ADDED from src\main\AndroidManifest.xml:97:19-45
activity#com.example.Aphexams.Result
ADDED from src\main\AndroidManifest.xml:98:9-44
	android:name
		ADDED from src\main\AndroidManifest.xml:98:19-41
activity#com.example.Aphexams.SetQues
ADDED from src\main\AndroidManifest.xml:99:9-45
	android:name
		ADDED from src\main\AndroidManifest.xml:99:19-42
activity#com.example.Aphexams.SetQuant
ADDED from src\main\AndroidManifest.xml:100:9-46
	android:name
		ADDED from src\main\AndroidManifest.xml:100:19-43
activity#com.example.Aphexams.SetVerb
ADDED from src\main\AndroidManifest.xml:101:9-45
	android:name
		ADDED from src\main\AndroidManifest.xml:101:19-42
activity#com.example.Aphexams.StudentChangePword
ADDED from src\main\AndroidManifest.xml:102:9-56
	android:name
		ADDED from src\main\AndroidManifest.xml:102:19-53
activity#com.example.Aphexams.Result2
ADDED from src\main\AndroidManifest.xml:103:9-44
	android:name
		ADDED from src\main\AndroidManifest.xml:103:19-42
activity#com.example.Aphexams.PieChartActivity
ADDED from src\main\AndroidManifest.xml:104:9-53
	android:name
		ADDED from src\main\AndroidManifest.xml:104:19-51
activity#com.example.Aphexams.Rank1
ADDED from src\main\AndroidManifest.xml:105:9-42
	android:name
		ADDED from src\main\AndroidManifest.xml:105:19-40
activity#com.example.Aphexams.StudentEdit
ADDED from src\main\AndroidManifest.xml:106:9-49
	android:name
		ADDED from src\main\AndroidManifest.xml:106:19-46
activity#com.example.Aphexams.StudentReg
ADDED from src\main\AndroidManifest.xml:109:9-78
	android:theme
		ADDED from src\main\AndroidManifest.xml:109:46-76
	android:name
		ADDED from src\main\AndroidManifest.xml:109:19-45
activity#com.example.Aphexams.SucAdminReg
ADDED from src\main\AndroidManifest.xml:110:9-49
	android:name
		ADDED from src\main\AndroidManifest.xml:110:19-46
activity#com.example.Aphexams.SucStudReg
ADDED from src\main\AndroidManifest.xml:111:9-48
	android:name
		ADDED from src\main\AndroidManifest.xml:111:19-45
activity#com.example.Aphexams.ViewQues
ADDED from src\main\AndroidManifest.xml:112:9-46
	android:name
		ADDED from src\main\AndroidManifest.xml:112:19-43
activity#com.example.Aphexams.ViewQ
ADDED from src\main\AndroidManifest.xml:113:9-43
	android:name
		ADDED from src\main\AndroidManifest.xml:113:19-40
activity#com.example.Aphexams.ViewV
ADDED from src\main\AndroidManifest.xml:114:9-43
	android:name
		ADDED from src\main\AndroidManifest.xml:114:19-40
activity#com.example.Aphexams.ViewStudent
ADDED from src\main\AndroidManifest.xml:115:9-49
	android:name
		ADDED from src\main\AndroidManifest.xml:115:19-46
activity#com.example.Aphexams.VTestStart
ADDED from src\main\AndroidManifest.xml:116:9-48
	android:name
		ADDED from src\main\AndroidManifest.xml:116:19-45
activity#com.example.Aphexams.QTestInstructiions
ADDED from src\main\AndroidManifest.xml:117:9-56
	android:name
		ADDED from src\main\AndroidManifest.xml:117:19-53
activity#com.example.Aphexams.VTestInstructions
ADDED from src\main\AndroidManifest.xml:118:9-55
	android:name
		ADDED from src\main\AndroidManifest.xml:118:19-52
activity#com.example.Aphexams.Rank
ADDED from src\main\AndroidManifest.xml:119:9-42
	android:name
		ADDED from src\main\AndroidManifest.xml:119:19-39
activity#com.example.Aphexams.TimeLimit
ADDED from src\main\AndroidManifest.xml:120:9-47
	android:name
		ADDED from src\main\AndroidManifest.xml:120:19-44
activity#com.example.Aphexams.UploadImage
ADDED from src\main\AndroidManifest.xml:121:9-49
	android:name
		ADDED from src\main\AndroidManifest.xml:121:19-46
activity#com.example.Aphexams.AdminShowStudentId
ADDED from src\main\AndroidManifest.xml:122:9-124:76
	android:label
		ADDED from src\main\AndroidManifest.xml:124:13-73
	android:theme
		ADDED from src\main\AndroidManifest.xml:123:48-78
	android:name
		ADDED from src\main\AndroidManifest.xml:123:13-47
activity#com.example.Aphexams.AdminSetQuesLimit
ADDED from src\main\AndroidManifest.xml:125:9-55
	android:name
		ADDED from src\main\AndroidManifest.xml:125:19-52
activity#com.example.Aphexams.StudentView
ADDED from src\main\AndroidManifest.xml:126:9-58
	android:name
		ADDED from src\main\AndroidManifest.xml:126:19-46